 1 0 info it worked if it ends with ok
  2 1 verbose cli [ '/home/worker/node/bin/node',
  3 1 verbose cli   '/home/worker/bin/npm',
  4 1 verbose cli   'install',
  5 1 verbose cli   'express',
  6 1 verbose cli   '--save' ]
  7 2 info using npm@3.3.12
  8 3 info using node@v5.3.0
  9 4 silly loadCurrentTree Starting
 10 5 silly install loadCurrentTree
 11 6 silly install readLocalPackageData
 12 7 silly rollbackFailedOptional Starting
 13 8 silly rollbackFailedOptional Finishing
 14 9 silly runTopLevelLifecycles Starting
 15 10 silly runTopLevelLifecycles Finishing
 16 11 silly install printInstalled
 17 12 verbose stack Error: ENOENT: no such file or directory, stat '/home/worker/data/www/channel/node_modules/generator-pg-cloud'
 18 12 verbose stack     at Error (native)
 19 13 verbose cwd /home/worker/data/www/channel
 20 14 error Linux 2.6.32-358.el6.x86_64
 21 15 error argv "/home/worker/node/bin/node" "/home/worker/bin/npm" "install" "express" "--save"
 22 16 error node v5.3.0
 23 17 error npm  v3.3.12
 24 18 error path /home/worker/data/www/channel/node_modules/generator-pg-cloud
 25 19 error code ENOENT
 26 20 error errno -2
 27 21 error syscall stat
 28 22 error enoent ENOENT: no such file or directory, stat '/home/worker/data/www/channel/node_modules/generator-pg-cloud'
 29 22 error enoent This is most likely not a problem with npm itself
 30 22 error enoent and is related to npm not being able to find a file.
 31 23 verbose exit [ -2, true ]